[2025-08-18 01:11:18] [INFO] === INICIANDO SCRAPER SIMPLIFICADO ===
[2025-08-18 01:11:18] [INFO] MODO: Generación de números de prueba
[2025-08-18 01:11:18] [INFO] Generando números de prueba...
[2025-08-18 01:11:18] [INFO] Números generados: ['22', '22', '35', '31', '16', '23']
[2025-08-18 01:11:18] [INFO] Guardados 6 números en JSON
[2025-08-18 01:11:18] [INFO] Números guardados en JSON correctamente
[2025-08-18 01:11:21] [INFO] Números sincronizados - Redis: True, PostgreSQL: True
[2025-08-18 01:11:21] [INFO] Números sincronizados con bases de datos
[2025-08-18 01:11:21] [INFO] Ciclo completado. Esperando 30 segundos...
[2025-08-18 01:11:51] [INFO] Generando números de prueba...
[2025-08-18 01:11:51] [INFO] Números generados: ['28', '4', '0', '3', '21']
[2025-08-18 01:11:51] [INFO] Guardados 5 números en JSON
[2025-08-18 01:11:51] [INFO] Números guardados en JSON correctamente
[2025-08-18 01:11:59] [INFO] Números sincronizados - Redis: True, PostgreSQL: True
[2025-08-18 01:11:59] [INFO] Números sincronizados con bases de datos
[2025-08-18 01:11:59] [INFO] Ciclo completado. Esperando 30 segundos...
[2025-08-18 01:12:19] [INFO] Detenido por el usuario
[2025-08-18 01:12:19] [INFO] === SCRAPER FINALIZADO ===
[2025-08-18 01:12:45] [INFO] === INICIANDO SCRAPER SIMPLIFICADO ===
[2025-08-18 01:12:45] [INFO] MODO: Generación de números de prueba
[2025-08-18 01:12:45] [INFO] Generando números de prueba...
[2025-08-18 01:12:45] [INFO] Números generados: ['0', '36', '2', '18', '29', '12', '6', '17', '1']
[2025-08-18 01:12:45] [INFO] Guardados 9 números en JSON
[2025-08-18 01:12:45] [INFO] Números guardados en JSON correctamente
[2025-08-18 01:12:47] [INFO] Números sincronizados - Redis: True, PostgreSQL: True
[2025-08-18 01:12:47] [INFO] Números sincronizados con bases de datos
[2025-08-18 01:12:47] [INFO] Ciclo completado. Esperando 30 segundos...
[2025-08-18 11:39:28] [INFO] === INICIANDO SCRAPER SIMPLIFICADO ===
[2025-08-18 11:39:45] [INFO] MODO: Generación de números de prueba
[2025-08-18 11:39:45] [INFO] Generando números de prueba...
[2025-08-18 11:39:45] [INFO] Números generados: ['7', '32', '14', '22', '15']
[2025-08-18 11:39:45] [INFO] Guardados 5 números en JSON
[2025-08-18 11:39:45] [INFO] Números guardados en JSON correctamente
[2025-08-18 11:39:55] [INFO] Números sincronizados - Redis: True, PostgreSQL: True
[2025-08-18 11:39:55] [INFO] Números sincronizados con bases de datos
[2025-08-18 11:39:55] [INFO] Ciclo completado. Esperando 30 segundos...
[2025-08-18 11:40:25] [INFO] Generando números de prueba...
[2025-08-18 11:40:25] [INFO] Números generados: ['20', '22', '0', '15', '30', '20']
[2025-08-18 11:40:25] [INFO] Guardados 6 números en JSON
[2025-08-18 11:40:25] [INFO] Números guardados en JSON correctamente
[2025-08-18 11:40:29] [INFO] Números sincronizados - Redis: True, PostgreSQL: True
[2025-08-18 11:40:29] [INFO] Números sincronizados con bases de datos
[2025-08-18 11:40:29] [INFO] Ciclo completado. Esperando 30 segundos...
[2025-08-18 11:40:59] [INFO] Generando números de prueba...
[2025-08-18 11:40:59] [INFO] Números generados: ['22', '34', '24', '27', '21', '4', '29']
[2025-08-18 11:40:59] [INFO] Guardados 7 números en JSON
[2025-08-18 11:40:59] [INFO] Números guardados en JSON correctamente
[2025-08-18 11:41:01] [INFO] Números sincronizados - Redis: True, PostgreSQL: True
[2025-08-18 11:41:01] [INFO] Números sincronizados con bases de datos
[2025-08-18 11:41:01] [INFO] Ciclo completado. Esperando 30 segundos...
[2025-08-18 11:41:31] [INFO] Generando números de prueba...
[2025-08-18 11:41:31] [INFO] Números generados: ['6', '19', '30', '35', '17', '0', '18', '9', '11']
[2025-08-18 11:41:31] [INFO] Guardados 9 números en JSON
[2025-08-18 11:41:31] [INFO] Números guardados en JSON correctamente
[2025-08-18 11:41:35] [INFO] Números sincronizados - Redis: True, PostgreSQL: True
[2025-08-18 11:41:35] [INFO] Números sincronizados con bases de datos
[2025-08-18 11:41:35] [INFO] Ciclo completado. Esperando 30 segundos...
[2025-08-18 11:42:05] [INFO] Generando números de prueba...
[2025-08-18 11:42:05] [INFO] Números generados: ['14', '19', '4', '3', '1', '1', '17']
[2025-08-18 11:42:05] [INFO] Guardados 7 números en JSON
[2025-08-18 11:42:05] [INFO] Números guardados en JSON correctamente
[2025-08-18 11:42:07] [INFO] Números sincronizados - Redis: True, PostgreSQL: True
[2025-08-18 11:42:07] [INFO] Números sincronizados con bases de datos
[2025-08-18 11:42:07] [INFO] Ciclo completado. Esperando 30 segundos...
[2025-08-18 11:42:36] [INFO] === INICIANDO SCRAPER SIMPLIFICADO ===
[2025-08-18 11:42:36] [INFO] MODO: Generación de números de prueba
[2025-08-18 11:42:36] [INFO] Generando números de prueba...
[2025-08-18 11:42:36] [INFO] Números generados: ['35', '25', '23', '29', '36', '33', '22', '2', '21']
[2025-08-18 11:42:36] [INFO] Guardados 9 números en JSON
[2025-08-18 11:42:36] [INFO] Números guardados en JSON correctamente
[2025-08-18 19:04:04] [INFO] === INICIANDO SCRAPER SIMPLIFICADO ===
[2025-08-18 19:04:15] [INFO] MODO: Generación de números de prueba
[2025-08-18 19:04:15] [INFO] Generando números de prueba...
[2025-08-18 19:04:15] [INFO] Números generados: ['20', '6', '8', '32', '22']
[2025-08-18 19:04:15] [INFO] Guardados 5 números en JSON
[2025-08-18 19:04:15] [INFO] Números guardados en JSON correctamente
[2025-08-18 19:04:20] [INFO] Números sincronizados - Redis: True, PostgreSQL: True
[2025-08-18 19:04:20] [INFO] Números sincronizados con bases de datos
[2025-08-18 19:04:20] [INFO] Ciclo completado. Esperando 30 segundos...
[2025-08-18 19:04:46] [INFO] === INICIANDO SCRAPER SIMPLIFICADO ===
[2025-08-18 19:04:46] [INFO] MODO: Generación de números de prueba
[2025-08-18 19:04:46] [INFO] Generando números de prueba...
[2025-08-18 19:04:46] [INFO] Números generados: ['35', '16', '17', '4', '33', '5', '13', '16']
[2025-08-18 19:04:46] [INFO] Guardados 8 números en JSON
[2025-08-18 19:04:46] [INFO] Números guardados en JSON correctamente
[2025-08-18 19:04:57] [INFO] === INICIANDO SCRAPER SIMPLIFICADO ===
[2025-08-18 19:04:57] [INFO] MODO: Generación de números de prueba
[2025-08-18 19:04:57] [INFO] Generando números de prueba...
[2025-08-18 19:04:57] [INFO] Números generados: ['29', '14', '17', '31', '0', '32']
[2025-08-18 19:04:57] [INFO] Guardados 6 números en JSON
[2025-08-18 19:04:57] [INFO] Números guardados en JSON correctamente
[2025-08-18 19:05:02] [INFO] Números sincronizados - Redis: True, PostgreSQL: True
[2025-08-18 19:05:02] [INFO] Números sincronizados con bases de datos
[2025-08-18 19:05:02] [INFO] Ciclo completado. Esperando 30 segundos...
[2025-08-18 19:05:32] [INFO] Generando números de prueba...
[2025-08-18 19:05:32] [INFO] Números generados: ['23', '26', '32', '16', '15', '4', '22', '6', '33']
[2025-08-18 19:05:32] [INFO] Guardados 9 números en JSON
[2025-08-18 19:05:32] [INFO] Números guardados en JSON correctamente
[2025-08-18 19:05:49] [INFO] Números sincronizados - Redis: True, PostgreSQL: True
[2025-08-18 19:05:49] [INFO] Números sincronizados con bases de datos
[2025-08-18 19:05:49] [INFO] Ciclo completado. Esperando 30 segundos...
[2025-08-18 19:06:19] [INFO] Generando números de prueba...
[2025-08-18 19:06:19] [INFO] Números generados: ['21', '29', '21', '14', '26', '15', '12', '0', '7']
[2025-08-18 19:06:19] [INFO] Guardados 9 números en JSON
[2025-08-18 19:06:19] [INFO] Números guardados en JSON correctamente
[2025-08-18 19:06:42] [INFO] Números sincronizados - Redis: True, PostgreSQL: True
[2025-08-18 19:06:42] [INFO] Números sincronizados con bases de datos
[2025-08-18 19:06:42] [INFO] Ciclo completado. Esperando 30 segundos...
[2025-08-18 19:07:12] [INFO] Generando números de prueba...
[2025-08-18 19:07:12] [INFO] Números generados: ['14', '3', '14', '10', '12', '31', '35', '34', '32']
[2025-08-18 19:07:12] [INFO] Guardados 9 números en JSON
[2025-08-18 19:07:12] [INFO] Números guardados en JSON correctamente
[2025-08-18 19:07:20] [INFO] Números sincronizados - Redis: True, PostgreSQL: True
[2025-08-18 19:07:20] [INFO] Números sincronizados con bases de datos
[2025-08-18 19:07:20] [INFO] Ciclo completado. Esperando 30 segundos...
[2025-08-18 19:07:50] [INFO] Generando números de prueba...
[2025-08-18 19:07:50] [INFO] Números generados: ['34', '24', '21', '22', '3', '7', '14', '14', '9', '7']
[2025-08-18 19:07:50] [INFO] Guardados 10 números en JSON
[2025-08-18 19:07:50] [INFO] Números guardados en JSON correctamente
[2025-08-18 19:07:56] [INFO] Números sincronizados - Redis: True, PostgreSQL: True
[2025-08-18 19:07:56] [INFO] Números sincronizados con bases de datos
[2025-08-18 19:07:56] [INFO] Ciclo completado. Esperando 30 segundos...
[2025-08-18 19:08:26] [INFO] Generando números de prueba...
[2025-08-18 19:08:26] [INFO] Números generados: ['23', '0', '16', '21', '17', '29', '20', '3']
[2025-08-18 19:08:26] [INFO] Guardados 8 números en JSON
[2025-08-18 19:08:26] [INFO] Números guardados en JSON correctamente
[2025-08-18 19:08:28] [INFO] Números sincronizados - Redis: True, PostgreSQL: True
[2025-08-18 19:08:28] [INFO] Números sincronizados con bases de datos
[2025-08-18 19:08:28] [INFO] Ciclo completado. Esperando 30 segundos...
[2025-08-18 19:08:58] [INFO] Generando números de prueba...
[2025-08-18 19:08:58] [INFO] Números generados: ['32', '25', '9', '6', '19', '9']
[2025-08-18 19:08:58] [INFO] Guardados 6 números en JSON
[2025-08-18 19:08:58] [INFO] Números guardados en JSON correctamente
[2025-08-18 19:09:17] [INFO] Números sincronizados - Redis: True, PostgreSQL: True
[2025-08-18 19:09:17] [INFO] Números sincronizados con bases de datos
[2025-08-18 19:09:17] [INFO] Ciclo completado. Esperando 30 segundos...
[2025-08-18 19:09:47] [INFO] Generando números de prueba...
[2025-08-18 19:09:47] [INFO] Números generados: ['28', '18', '17', '5', '17', '9', '21', '1']
[2025-08-18 19:09:47] [INFO] Guardados 8 números en JSON
[2025-08-18 19:09:47] [INFO] Números guardados en JSON correctamente
[2025-08-18 19:09:57] [INFO] Detenido por el usuario
[2025-08-18 19:09:57] [INFO] === SCRAPER FINALIZADO ===
[2025-08-18 19:10:00] [INFO] === INICIANDO SCRAPER SIMPLIFICADO ===
[2025-08-18 19:10:00] [INFO] MODO: Generación de números de prueba
[2025-08-18 19:10:00] [INFO] Generando números de prueba...
[2025-08-18 19:10:00] [INFO] Números generados: ['12', '2', '5', '27', '5']
[2025-08-18 19:10:00] [INFO] Guardados 5 números en JSON
[2025-08-18 19:10:00] [INFO] Números guardados en JSON correctamente
[2025-08-18 19:10:35] [INFO] Números sincronizados - Redis: True, PostgreSQL: True
[2025-08-18 19:10:52] [INFO] Números sincronizados con bases de datos
[2025-08-18 19:10:52] [INFO] Ciclo completado. Esperando 30 segundos...
[2025-08-18 19:11:22] [INFO] Generando números de prueba...
[2025-08-18 19:11:22] [INFO] Números generados: ['19', '3', '8', '25', '14', '11', '24']
[2025-08-18 19:11:22] [INFO] Guardados 7 números en JSON
[2025-08-18 19:11:22] [INFO] Números guardados en JSON correctamente
[2025-08-18 19:11:27] [INFO] Números sincronizados - Redis: True, PostgreSQL: True
[2025-08-18 19:11:27] [INFO] Números sincronizados con bases de datos
[2025-08-18 19:11:27] [INFO] Ciclo completado. Esperando 30 segundos...
[2025-08-18 19:11:32] [INFO] === INICIANDO SCRAPER SIMPLIFICADO ===
[2025-08-18 19:11:32] [INFO] MODO: Generación de números de prueba
[2025-08-18 19:11:32] [INFO] Generando números de prueba...
[2025-08-18 19:11:32] [INFO] Números generados: ['22', '17', '29', '27', '26', '36', '19', '12', '17', '4']
[2025-08-18 19:11:32] [INFO] Guardados 10 números en JSON
[2025-08-18 19:11:32] [INFO] Números guardados en JSON correctamente
[2025-08-18 19:11:57] [INFO] Generando números de prueba...
[2025-08-18 19:11:57] [INFO] Números generados: ['32', '25', '11', '24', '3', '21', '34', '26', '16', '15']
[2025-08-18 19:11:57] [INFO] Guardados 10 números en JSON
[2025-08-18 19:11:57] [INFO] Números guardados en JSON correctamente
[2025-08-18 19:12:09] [INFO] Números sincronizados - Redis: True, PostgreSQL: True
[2025-08-18 19:12:09] [INFO] Números sincronizados con bases de datos
[2025-08-18 19:12:09] [INFO] Ciclo completado. Esperando 30 segundos...
[2025-08-18 19:12:15] [INFO] Números sincronizados - Redis: True, PostgreSQL: True
[2025-08-18 19:12:15] [INFO] Números sincronizados con bases de datos
[2025-08-18 19:12:15] [INFO] Ciclo completado. Esperando 30 segundos...
[2025-08-18 19:12:39] [INFO] Generando números de prueba...
[2025-08-18 19:12:39] [INFO] Números generados: ['0', '2', '10', '33', '29', '14', '8', '11', '0', '30']
[2025-08-18 19:12:39] [INFO] Guardados 10 números en JSON
[2025-08-18 19:12:39] [INFO] Números guardados en JSON correctamente
[2025-08-18 19:12:45] [INFO] Generando números de prueba...
[2025-08-18 19:12:45] [INFO] Números generados: ['34', '22', '21', '10', '35', '18']
[2025-08-18 19:12:45] [INFO] Guardados 6 números en JSON
[2025-08-18 19:12:45] [INFO] Números guardados en JSON correctamente
[2025-08-18 19:12:54] [INFO] Números sincronizados - Redis: True, PostgreSQL: True
[2025-08-18 19:12:54] [INFO] Números sincronizados con bases de datos
[2025-08-18 19:12:54] [INFO] Ciclo completado. Esperando 30 segundos...
[2025-08-18 19:12:54] [INFO] Números sincronizados - Redis: True, PostgreSQL: True
[2025-08-18 19:12:54] [INFO] Números sincronizados con bases de datos
[2025-08-18 19:12:54] [INFO] Ciclo completado. Esperando 30 segundos...
[2025-08-18 19:13:24] [INFO] Generando números de prueba...
[2025-08-18 19:13:24] [INFO] Números generados: ['18', '1', '24', '3', '34']
[2025-08-18 19:13:24] [INFO] Guardados 5 números en JSON
[2025-08-18 19:13:24] [INFO] Números guardados en JSON correctamente
[2025-08-18 19:13:24] [INFO] Generando números de prueba...
[2025-08-18 19:13:24] [INFO] Números generados: ['27', '32', '26', '3', '7', '9', '23', '35', '32']
[2025-08-18 19:13:24] [INFO] Guardados 9 números en JSON
[2025-08-18 19:13:24] [INFO] Números guardados en JSON correctamente
[2025-08-18 19:13:27] [INFO] Números sincronizados - Redis: True, PostgreSQL: True
[2025-08-18 19:13:27] [INFO] Números sincronizados con bases de datos
[2025-08-18 19:13:27] [INFO] Ciclo completado. Esperando 30 segundos...
[2025-08-18 19:13:30] [INFO] Números sincronizados - Redis: True, PostgreSQL: True
[2025-08-18 19:13:30] [INFO] Números sincronizados con bases de datos
[2025-08-18 19:13:30] [INFO] Ciclo completado. Esperando 30 segundos...
[2025-08-18 19:13:57] [INFO] Generando números de prueba...
[2025-08-18 19:13:57] [INFO] Números generados: ['34', '35', '9', '11', '14', '31', '3', '13', '31', '14']
[2025-08-18 19:13:57] [INFO] Guardados 10 números en JSON
[2025-08-18 19:13:57] [INFO] Números guardados en JSON correctamente
[2025-08-18 19:14:00] [INFO] Generando números de prueba...
[2025-08-18 19:14:00] [INFO] Números generados: ['13', '18', '0', '25', '22', '9', '16', '28', '21', '21']
[2025-08-18 19:14:00] [INFO] Guardados 10 números en JSON
[2025-08-18 19:14:00] [INFO] Números guardados en JSON correctamente
[2025-08-18 19:14:08] [INFO] Números sincronizados - Redis: True, PostgreSQL: True
[2025-08-18 19:14:08] [INFO] Números sincronizados con bases de datos
[2025-08-18 19:14:08] [INFO] Ciclo completado. Esperando 30 segundos...
[2025-08-18 19:14:08] [INFO] Números sincronizados - Redis: True, PostgreSQL: True
[2025-08-18 19:14:08] [INFO] Números sincronizados con bases de datos
[2025-08-18 19:14:08] [INFO] Ciclo completado. Esperando 30 segundos...
[2025-08-18 19:14:38] [INFO] Generando números de prueba...
[2025-08-18 19:14:38] [INFO] Números generados: ['27', '9', '27', '2', '11', '23', '23', '15', '16']
[2025-08-18 19:14:38] [INFO] Guardados 9 números en JSON
[2025-08-18 19:14:38] [INFO] Números guardados en JSON correctamente
[2025-08-18 19:14:38] [INFO] Generando números de prueba...
[2025-08-18 19:14:38] [INFO] Números generados: ['34', '29', '34', '11', '27', '7', '2', '29', '25', '7']
[2025-08-18 19:14:38] [INFO] Guardados 10 números en JSON
[2025-08-18 19:14:38] [INFO] Números guardados en JSON correctamente
[2025-08-18 19:15:08] [INFO] Números sincronizados - Redis: True, PostgreSQL: True
[2025-08-18 19:15:08] [INFO] Números sincronizados con bases de datos
[2025-08-18 19:15:08] [INFO] Ciclo completado. Esperando 30 segundos...
[2025-08-18 19:15:10] [INFO] Números sincronizados - Redis: True, PostgreSQL: True
[2025-08-18 19:15:10] [INFO] Números sincronizados con bases de datos
[2025-08-18 19:15:10] [INFO] Ciclo completado. Esperando 30 segundos...
[2025-08-18 19:15:38] [INFO] Generando números de prueba...
[2025-08-18 19:15:38] [INFO] Números generados: ['4', '3', '5', '33', '5', '23', '23', '34']
[2025-08-18 19:15:38] [INFO] Guardados 8 números en JSON
[2025-08-18 19:15:38] [INFO] Números guardados en JSON correctamente
[2025-08-18 19:15:40] [INFO] Generando números de prueba...
[2025-08-18 19:15:40] [INFO] Números generados: ['25', '30', '9', '16', '22']
[2025-08-18 19:15:40] [INFO] Guardados 5 números en JSON
[2025-08-18 19:15:40] [INFO] Números guardados en JSON correctamente
[2025-08-18 19:16:05] [INFO] Números sincronizados - Redis: True, PostgreSQL: True
[2025-08-18 19:16:05] [INFO] Números sincronizados con bases de datos
[2025-08-18 19:16:05] [INFO] Ciclo completado. Esperando 30 segundos...
[2025-08-18 19:16:06] [INFO] Números sincronizados - Redis: True, PostgreSQL: True
[2025-08-18 19:16:07] [INFO] Números sincronizados con bases de datos
[2025-08-18 19:16:07] [INFO] Ciclo completado. Esperando 30 segundos...
[2025-08-18 19:16:36] [INFO] Generando números de prueba...
[2025-08-18 19:16:36] [INFO] Números generados: ['16', '15', '23', '33', '12']
[2025-08-18 19:16:36] [INFO] Guardados 5 números en JSON
[2025-08-18 19:16:36] [INFO] Números guardados en JSON correctamente
[2025-08-18 19:16:37] [INFO] Generando números de prueba...
[2025-08-18 19:16:37] [INFO] Números generados: ['12', '11', '21', '30', '19']
[2025-08-18 19:16:37] [INFO] Guardados 5 números en JSON
[2025-08-18 19:16:37] [INFO] Números guardados en JSON correctamente
[2025-08-18 19:16:48] [INFO] Números sincronizados - Redis: True, PostgreSQL: True
[2025-08-18 19:16:49] [INFO] Números sincronizados con bases de datos
[2025-08-18 19:16:49] [INFO] Ciclo completado. Esperando 30 segundos...
[2025-08-18 19:17:01] [INFO] Números sincronizados - Redis: True, PostgreSQL: True
[2025-08-18 19:17:01] [INFO] Números sincronizados con bases de datos
[2025-08-18 19:17:01] [INFO] Ciclo completado. Esperando 30 segundos...
[2025-08-18 19:17:19] [INFO] Generando números de prueba...
[2025-08-18 19:17:19] [INFO] Números generados: ['13', '25', '4', '34', '2', '8']
[2025-08-18 19:17:19] [INFO] Guardados 6 números en JSON
[2025-08-18 19:17:19] [INFO] Números guardados en JSON correctamente
[2025-08-18 19:17:31] [INFO] Generando números de prueba...
[2025-08-18 19:17:31] [INFO] Números generados: ['3', '11', '24', '19', '13', '12', '21', '17', '35', '0']
[2025-08-18 19:17:31] [INFO] Guardados 10 números en JSON
[2025-08-18 19:17:31] [INFO] Números guardados en JSON correctamente
[2025-08-18 19:17:33] [INFO] Números sincronizados - Redis: True, PostgreSQL: True
[2025-08-18 19:17:33] [INFO] Números sincronizados con bases de datos
[2025-08-18 19:17:33] [INFO] Ciclo completado. Esperando 30 segundos...
[2025-08-18 19:17:44] [INFO] Números sincronizados - Redis: True, PostgreSQL: True
[2025-08-18 19:17:44] [INFO] Números sincronizados con bases de datos
[2025-08-18 19:17:44] [INFO] Ciclo completado. Esperando 30 segundos...
[2025-08-18 19:18:03] [INFO] Generando números de prueba...
[2025-08-18 19:18:03] [INFO] Números generados: ['19', '32', '31', '25', '10', '14', '34', '4']
[2025-08-18 19:18:03] [INFO] Guardados 8 números en JSON
[2025-08-18 19:18:03] [INFO] Números guardados en JSON correctamente
[2025-08-18 19:18:11] [INFO] Números sincronizados - Redis: True, PostgreSQL: True
[2025-08-18 19:18:11] [INFO] Números sincronizados con bases de datos
[2025-08-18 19:18:11] [INFO] Ciclo completado. Esperando 30 segundos...
[2025-08-18 19:18:14] [INFO] Generando números de prueba...
[2025-08-18 19:18:14] [INFO] Números generados: ['30', '31', '19', '32', '25']
[2025-08-18 19:18:14] [INFO] Guardados 5 números en JSON
[2025-08-18 19:18:14] [INFO] Números guardados en JSON correctamente
[2025-08-18 19:18:16] [INFO] Números sincronizados - Redis: True, PostgreSQL: True
[2025-08-18 19:18:16] [INFO] Números sincronizados con bases de datos
[2025-08-18 19:18:16] [INFO] Ciclo completado. Esperando 30 segundos...
[2025-08-18 19:18:41] [INFO] Generando números de prueba...
[2025-08-18 19:18:42] [INFO] Números generados: ['14', '4', '1', '33', '17', '31']
[2025-08-18 19:18:42] [INFO] Guardados 6 números en JSON
[2025-08-18 19:18:42] [INFO] Números guardados en JSON correctamente
[2025-08-18 19:18:46] [INFO] Generando números de prueba...
[2025-08-18 19:18:46] [INFO] Números generados: ['32', '13', '15', '21', '35', '25']
[2025-08-18 19:18:46] [INFO] Guardados 6 números en JSON
[2025-08-18 19:18:46] [INFO] Números guardados en JSON correctamente
[2025-08-18 19:18:47] [INFO] Números sincronizados - Redis: True, PostgreSQL: True
[2025-08-18 19:18:47] [INFO] Números sincronizados con bases de datos
[2025-08-18 19:18:47] [INFO] Ciclo completado. Esperando 30 segundos...
[2025-08-18 19:18:50] [INFO] Números sincronizados - Redis: True, PostgreSQL: True
[2025-08-18 19:18:50] [INFO] Números sincronizados con bases de datos
[2025-08-18 19:18:50] [INFO] Ciclo completado. Esperando 30 segundos...
[2025-08-18 19:19:17] [INFO] Generando números de prueba...
[2025-08-18 19:19:17] [INFO] Números generados: ['23', '31', '3', '23', '22', '34', '11', '12']
[2025-08-18 19:19:17] [INFO] Guardados 8 números en JSON
[2025-08-18 19:19:17] [INFO] Números guardados en JSON correctamente
[2025-08-18 19:19:20] [INFO] Generando números de prueba...
[2025-08-18 19:19:20] [INFO] Números generados: ['5', '7', '20', '0', '20', '1', '35', '9', '32', '32']
[2025-08-18 19:19:20] [INFO] Guardados 10 números en JSON
[2025-08-18 19:19:20] [INFO] Números guardados en JSON correctamente
[2025-08-18 19:19:39] [INFO] Números sincronizados - Redis: True, PostgreSQL: True
[2025-08-18 19:19:39] [INFO] Números sincronizados con bases de datos
[2025-08-18 19:19:39] [INFO] Ciclo completado. Esperando 30 segundos...
[2025-08-18 19:19:43] [INFO] Números sincronizados - Redis: True, PostgreSQL: True
[2025-08-18 19:19:43] [INFO] Números sincronizados con bases de datos
[2025-08-18 19:19:43] [INFO] Ciclo completado. Esperando 30 segundos...
[2025-08-18 19:20:09] [INFO] Generando números de prueba...
[2025-08-18 19:20:09] [INFO] Números generados: ['33', '7', '28', '16', '23', '0', '9', '6']
[2025-08-18 19:20:09] [INFO] Guardados 8 números en JSON
[2025-08-18 19:20:09] [INFO] Números guardados en JSON correctamente
[2025-08-18 19:20:13] [INFO] Generando números de prueba...
[2025-08-18 19:20:13] [INFO] Números generados: ['18', '4', '18', '24', '10', '36', '26', '20', '36', '26']
[2025-08-18 19:20:13] [INFO] Guardados 10 números en JSON
[2025-08-18 19:20:13] [INFO] Números guardados en JSON correctamente
[2025-08-18 19:20:25] [INFO] Números sincronizados - Redis: True, PostgreSQL: True
[2025-08-18 19:20:25] [INFO] Números sincronizados con bases de datos
[2025-08-18 19:20:25] [INFO] Ciclo completado. Esperando 30 segundos...
[2025-08-18 19:20:34] [INFO] Números sincronizados - Redis: True, PostgreSQL: True
[2025-08-18 19:20:34] [INFO] Números sincronizados con bases de datos
[2025-08-18 19:20:34] [INFO] Ciclo completado. Esperando 30 segundos...
[2025-08-18 19:20:55] [INFO] Generando números de prueba...
[2025-08-18 19:20:55] [INFO] Números generados: ['19', '8', '1', '36', '11', '36']
[2025-08-18 19:20:55] [INFO] Guardados 6 números en JSON
[2025-08-18 19:20:55] [INFO] Números guardados en JSON correctamente
[2025-08-18 19:21:04] [INFO] Generando números de prueba...
[2025-08-18 19:21:04] [INFO] Números generados: ['35', '20', '19', '16', '36', '9', '14', '28', '11']
[2025-08-18 19:21:04] [INFO] Guardados 9 números en JSON
[2025-08-18 19:21:04] [INFO] Números guardados en JSON correctamente
[2025-08-18 19:21:09] [INFO] Números sincronizados - Redis: True, PostgreSQL: True
[2025-08-18 19:21:09] [INFO] Números sincronizados con bases de datos
[2025-08-18 19:21:09] [INFO] Ciclo completado. Esperando 30 segundos...
[2025-08-18 19:21:12] [INFO] Números sincronizados - Redis: True, PostgreSQL: True
[2025-08-18 19:21:12] [INFO] Números sincronizados con bases de datos
[2025-08-18 19:21:12] [INFO] Ciclo completado. Esperando 30 segundos...
[2025-08-18 19:21:39] [INFO] Generando números de prueba...
[2025-08-18 19:21:39] [INFO] Números generados: ['4', '18', '14', '26', '28', '22']
[2025-08-18 19:21:39] [INFO] Guardados 6 números en JSON
[2025-08-18 19:21:39] [INFO] Números guardados en JSON correctamente
[2025-08-18 19:21:42] [INFO] Generando números de prueba...
[2025-08-18 19:21:42] [INFO] Números generados: ['3', '3', '35', '12', '22', '31', '3', '26', '31']
[2025-08-18 19:21:42] [INFO] Guardados 9 números en JSON
[2025-08-18 19:21:42] [INFO] Números guardados en JSON correctamente
[2025-08-18 19:21:52] [INFO] Números sincronizados - Redis: True, PostgreSQL: True
[2025-08-18 19:21:52] [INFO] Números sincronizados con bases de datos
[2025-08-18 19:21:52] [INFO] Ciclo completado. Esperando 30 segundos...
[2025-08-18 19:22:22] [INFO] Números sincronizados - Redis: True, PostgreSQL: True
[2025-08-18 19:22:22] [INFO] Números sincronizados con bases de datos
[2025-08-18 19:22:22] [INFO] Ciclo completado. Esperando 30 segundos...
[2025-08-18 19:22:22] [INFO] Generando números de prueba...
[2025-08-18 19:22:22] [INFO] Números generados: ['29', '12', '11', '10', '21', '25', '26', '7']
[2025-08-18 19:22:22] [INFO] Guardados 8 números en JSON
[2025-08-18 19:22:22] [INFO] Números guardados en JSON correctamente
[2025-08-18 19:22:32] [INFO] Números sincronizados - Redis: True, PostgreSQL: True
[2025-08-18 19:22:32] [INFO] Números sincronizados con bases de datos
[2025-08-18 19:22:32] [INFO] Ciclo completado. Esperando 30 segundos...
[2025-08-18 19:22:52] [INFO] Generando números de prueba...
[2025-08-18 19:22:52] [INFO] Números generados: ['6', '19', '21', '14', '15', '26', '30', '5']
[2025-08-18 19:22:52] [INFO] Guardados 8 números en JSON
[2025-08-18 19:22:52] [INFO] Números guardados en JSON correctamente
[2025-08-18 19:22:59] [INFO] Números sincronizados - Redis: True, PostgreSQL: True
[2025-08-18 19:22:59] [INFO] Números sincronizados con bases de datos
[2025-08-18 19:22:59] [INFO] Ciclo completado. Esperando 30 segundos...
[2025-08-18 19:23:02] [INFO] Generando números de prueba...
[2025-08-18 19:23:02] [INFO] Números generados: ['15', '24', '3', '7', '19', '26']
[2025-08-18 19:23:02] [INFO] Guardados 6 números en JSON
[2025-08-18 19:23:02] [INFO] Números guardados en JSON correctamente
[2025-08-18 19:23:11] [INFO] Números sincronizados - Redis: True, PostgreSQL: True
[2025-08-18 19:23:11] [INFO] Números sincronizados con bases de datos
[2025-08-18 19:23:11] [INFO] Ciclo completado. Esperando 30 segundos...
[2025-08-18 19:23:29] [INFO] Generando números de prueba...
[2025-08-18 19:23:29] [INFO] Números generados: ['31', '21', '17', '25', '7', '11', '14']
[2025-08-18 19:23:29] [INFO] Guardados 7 números en JSON
[2025-08-18 19:23:29] [INFO] Números guardados en JSON correctamente
[2025-08-18 19:23:41] [INFO] Generando números de prueba...
[2025-08-18 19:23:41] [INFO] Números generados: ['24', '27', '22', '19', '4']
[2025-08-18 19:23:41] [INFO] Guardados 5 números en JSON
[2025-08-18 19:23:41] [INFO] Números guardados en JSON correctamente
[2025-08-18 19:24:04] [INFO] Números sincronizados - Redis: True, PostgreSQL: True
[2025-08-18 19:24:04] [INFO] Números sincronizados con bases de datos
[2025-08-18 19:24:04] [INFO] Ciclo completado. Esperando 30 segundos...
[2025-08-18 19:24:05] [INFO] Números sincronizados - Redis: True, PostgreSQL: True
[2025-08-18 19:24:05] [INFO] Números sincronizados con bases de datos
[2025-08-18 19:24:05] [INFO] Ciclo completado. Esperando 30 segundos...
[2025-08-18 19:24:35] [INFO] Generando números de prueba...
[2025-08-18 19:24:35] [INFO] Números generados: ['35', '36', '17', '36', '16', '6']
[2025-08-18 19:24:35] [INFO] Guardados 6 números en JSON
[2025-08-18 19:24:35] [INFO] Números guardados en JSON correctamente
[2025-08-18 19:24:43] [INFO] Números sincronizados - Redis: True, PostgreSQL: True
[2025-08-18 19:24:43] [INFO] Números sincronizados con bases de datos
[2025-08-18 19:24:43] [INFO] Ciclo completado. Esperando 30 segundos...
[2025-08-18 19:25:13] [INFO] Generando números de prueba...
[2025-08-18 19:25:13] [INFO] Números generados: ['36', '5', '31', '36', '4', '23', '0']
[2025-08-18 19:25:13] [INFO] Guardados 7 números en JSON
[2025-08-18 19:25:13] [INFO] Números guardados en JSON correctamente
[2025-08-18 19:25:40] [INFO] Números sincronizados - Redis: True, PostgreSQL: True
[2025-08-18 19:25:40] [INFO] Números sincronizados con bases de datos
[2025-08-18 19:25:40] [INFO] Ciclo completado. Esperando 30 segundos...
[2025-08-18 19:26:10] [INFO] Generando números de prueba...
[2025-08-18 19:26:10] [INFO] Números generados: ['21', '18', '11', '2', '4', '9', '25', '14', '12', '10']
[2025-08-18 19:26:10] [INFO] Guardados 10 números en JSON
[2025-08-18 19:26:10] [INFO] Números guardados en JSON correctamente
[2025-08-18 19:40:09] [INFO] === INICIANDO SCRAPER SIMPLIFICADO ===
[2025-08-18 19:40:22] [INFO] MODO: Generación de números de prueba
[2025-08-18 19:40:22] [INFO] Generando números de prueba...
[2025-08-18 19:40:22] [INFO] Números generados: ['22', '0', '15', '5', '1', '25', '33', '29']
[2025-08-18 19:40:22] [INFO] Guardados 8 números en JSON
[2025-08-18 19:40:22] [INFO] Números guardados en JSON correctamente
[2025-08-18 19:40:24] [INFO] Números sincronizados - Redis: True, PostgreSQL: True
[2025-08-18 19:40:24] [INFO] Números sincronizados con bases de datos
[2025-08-18 19:40:24] [INFO] Ciclo completado. Esperando 30 segundos...
[2025-08-18 19:40:54] [INFO] Generando números de prueba...
[2025-08-18 19:40:54] [INFO] Números generados: ['10', '16', '35', '29', '10']
[2025-08-18 19:40:54] [INFO] Guardados 5 números en JSON
[2025-08-18 19:40:54] [INFO] Números guardados en JSON correctamente
[2025-08-18 19:40:56] [INFO] Números sincronizados - Redis: True, PostgreSQL: True
[2025-08-18 19:40:56] [INFO] Números sincronizados con bases de datos
[2025-08-18 19:40:56] [INFO] Ciclo completado. Esperando 30 segundos...
[2025-08-18 19:41:26] [INFO] Generando números de prueba...
[2025-08-18 19:41:26] [INFO] Números generados: ['35', '33', '23', '30', '32', '13', '12', '0']
[2025-08-18 19:41:26] [INFO] Guardados 8 números en JSON
[2025-08-18 19:41:26] [INFO] Números guardados en JSON correctamente
[2025-08-18 19:41:29] [INFO] Números sincronizados - Redis: True, PostgreSQL: True
[2025-08-18 19:41:29] [INFO] Números sincronizados con bases de datos
[2025-08-18 19:41:29] [INFO] Ciclo completado. Esperando 30 segundos...
[2025-08-18 19:41:59] [INFO] Generando números de prueba...
[2025-08-18 19:41:59] [INFO] Números generados: ['22', '17', '2', '16', '20', '32', '36', '27', '14', '25']
[2025-08-18 19:41:59] [INFO] Guardados 10 números en JSON
[2025-08-18 19:41:59] [INFO] Números guardados en JSON correctamente
[2025-08-18 19:42:04] [INFO] Números sincronizados - Redis: True, PostgreSQL: True
[2025-08-18 19:42:04] [INFO] Números sincronizados con bases de datos
[2025-08-18 19:42:04] [INFO] Ciclo completado. Esperando 30 segundos...
[2025-08-18 19:42:34] [INFO] Generando números de prueba...
[2025-08-18 19:42:34] [INFO] Números generados: ['33', '7', '20', '0', '29', '29']
[2025-08-18 19:42:34] [INFO] Guardados 6 números en JSON
[2025-08-18 19:42:34] [INFO] Números guardados en JSON correctamente
[2025-08-18 19:42:51] [INFO] Números sincronizados - Redis: True, PostgreSQL: True
[2025-08-18 19:42:51] [INFO] Números sincronizados con bases de datos
[2025-08-18 19:42:51] [INFO] Ciclo completado. Esperando 30 segundos...
[2025-08-18 19:43:21] [INFO] Generando números de prueba...
[2025-08-18 19:43:21] [INFO] Números generados: ['10', '10', '21', '12', '12', '20', '34', '36', '29']
[2025-08-18 19:43:21] [INFO] Guardados 9 números en JSON
[2025-08-18 19:43:21] [INFO] Números guardados en JSON correctamente
[2025-08-18 19:43:31] [INFO] Números sincronizados - Redis: True, PostgreSQL: True
[2025-08-18 19:43:31] [INFO] Números sincronizados con bases de datos
[2025-08-18 19:43:31] [INFO] Ciclo completado. Esperando 30 segundos...
[2025-08-18 19:44:01] [INFO] Generando números de prueba...
[2025-08-18 19:44:01] [INFO] Números generados: ['17', '32', '5', '23', '7', '2', '19']
[2025-08-18 19:44:01] [INFO] Guardados 7 números en JSON
[2025-08-18 19:44:01] [INFO] Números guardados en JSON correctamente
[2025-08-18 19:44:17] [INFO] Números sincronizados - Redis: True, PostgreSQL: True
[2025-08-18 19:44:17] [INFO] Números sincronizados con bases de datos
[2025-08-18 19:44:17] [INFO] Ciclo completado. Esperando 30 segundos...
[2025-08-18 19:44:47] [INFO] Generando números de prueba...
[2025-08-18 19:44:47] [INFO] Números generados: ['21', '0', '1', '18', '8', '24', '13']
[2025-08-18 19:44:47] [INFO] Guardados 7 números en JSON
[2025-08-18 19:44:47] [INFO] Números guardados en JSON correctamente
[2025-08-18 19:45:06] [INFO] Números sincronizados - Redis: True, PostgreSQL: True
[2025-08-18 19:45:06] [INFO] Números sincronizados con bases de datos
[2025-08-18 19:45:06] [INFO] Ciclo completado. Esperando 30 segundos...
[2025-08-18 19:45:36] [INFO] Generando números de prueba...
[2025-08-18 19:45:36] [INFO] Números generados: ['6', '25', '12', '32', '17', '18', '31', '11', '24']
[2025-08-18 19:45:36] [INFO] Guardados 9 números en JSON
[2025-08-18 19:45:36] [INFO] Números guardados en JSON correctamente
[2025-08-18 19:45:39] [INFO] Números sincronizados - Redis: True, PostgreSQL: True
[2025-08-18 19:45:39] [INFO] Números sincronizados con bases de datos
[2025-08-18 19:45:39] [INFO] Ciclo completado. Esperando 30 segundos...
[2025-08-18 19:46:09] [INFO] Generando números de prueba...
[2025-08-18 19:46:09] [INFO] Números generados: ['35', '34', '1', '13', '20', '13', '13', '14']
[2025-08-18 19:46:09] [INFO] Guardados 8 números en JSON
[2025-08-18 19:46:09] [INFO] Números guardados en JSON correctamente
[2025-08-18 19:46:21] [INFO] Números sincronizados - Redis: True, PostgreSQL: True
[2025-08-18 19:46:21] [INFO] Números sincronizados con bases de datos
[2025-08-18 19:46:21] [INFO] Ciclo completado. Esperando 30 segundos...
[2025-08-18 19:46:51] [INFO] Generando números de prueba...
[2025-08-18 19:46:51] [INFO] Números generados: ['4', '34', '1', '29', '20', '16', '33']
[2025-08-18 19:46:51] [INFO] Guardados 7 números en JSON
[2025-08-18 19:46:51] [INFO] Números guardados en JSON correctamente
[2025-08-18 19:46:55] [INFO] Números sincronizados - Redis: True, PostgreSQL: True
[2025-08-18 19:46:55] [INFO] Números sincronizados con bases de datos
[2025-08-18 19:46:55] [INFO] Ciclo completado. Esperando 30 segundos...
[2025-08-18 19:47:25] [INFO] Generando números de prueba...
[2025-08-18 19:47:25] [INFO] Números generados: ['18', '23', '35', '13', '34', '11', '11', '29', '19', '17']
[2025-08-18 19:47:25] [INFO] Guardados 10 números en JSON
[2025-08-18 19:47:25] [INFO] Números guardados en JSON correctamente
[2025-08-18 19:47:34] [INFO] Números sincronizados - Redis: True, PostgreSQL: True
[2025-08-18 19:47:34] [INFO] Números sincronizados con bases de datos
[2025-08-18 19:47:34] [INFO] Ciclo completado. Esperando 30 segundos...
[2025-08-18 19:48:04] [INFO] Generando números de prueba...
[2025-08-18 19:48:04] [INFO] Números generados: ['4', '29', '29', '25', '2', '17', '6', '34', '0']
[2025-08-18 19:48:04] [INFO] Guardados 9 números en JSON
[2025-08-18 19:48:04] [INFO] Números guardados en JSON correctamente
[2025-08-18 19:48:06] [INFO] Números sincronizados - Redis: True, PostgreSQL: True
[2025-08-18 19:48:06] [INFO] Números sincronizados con bases de datos
[2025-08-18 19:48:06] [INFO] Ciclo completado. Esperando 30 segundos...
[2025-08-18 19:48:37] [INFO] Generando números de prueba...
[2025-08-18 19:48:37] [INFO] Números generados: ['24', '11', '18', '35', '28', '33']
[2025-08-18 19:48:37] [INFO] Guardados 6 números en JSON
[2025-08-18 19:48:37] [INFO] Números guardados en JSON correctamente
[2025-08-18 19:48:39] [INFO] Números sincronizados - Redis: True, PostgreSQL: True
[2025-08-18 19:48:39] [INFO] Números sincronizados con bases de datos
[2025-08-18 19:48:39] [INFO] Ciclo completado. Esperando 30 segundos...
[2025-08-18 19:49:09] [INFO] Generando números de prueba...
[2025-08-18 19:49:09] [INFO] Números generados: ['20', '26', '13', '31', '14', '26', '2', '26', '6', '21']
[2025-08-18 19:49:09] [INFO] Guardados 10 números en JSON
[2025-08-18 19:49:09] [INFO] Números guardados en JSON correctamente
[2025-08-18 19:49:11] [INFO] Números sincronizados - Redis: True, PostgreSQL: True
[2025-08-18 19:49:11] [INFO] Números sincronizados con bases de datos
[2025-08-18 19:49:11] [INFO] Ciclo completado. Esperando 30 segundos...
[2025-08-18 19:49:41] [INFO] Generando números de prueba...
[2025-08-18 19:49:41] [INFO] Números generados: ['7', '29', '19', '34', '12', '6', '9', '1', '11', '24']
[2025-08-18 19:49:41] [INFO] Guardados 10 números en JSON
[2025-08-18 19:49:41] [INFO] Números guardados en JSON correctamente
[2025-08-18 19:49:44] [INFO] Números sincronizados - Redis: True, PostgreSQL: True
[2025-08-18 19:49:44] [INFO] Números sincronizados con bases de datos
[2025-08-18 19:49:44] [INFO] Ciclo completado. Esperando 30 segundos...
[2025-08-18 19:50:14] [INFO] Generando números de prueba...
[2025-08-18 19:50:14] [INFO] Números generados: ['29', '14', '30', '22', '11', '26', '31']
[2025-08-18 19:50:14] [INFO] Guardados 7 números en JSON
[2025-08-18 19:50:14] [INFO] Números guardados en JSON correctamente
[2025-08-18 19:50:18] [INFO] Números sincronizados - Redis: True, PostgreSQL: True
[2025-08-18 19:50:18] [INFO] Números sincronizados con bases de datos
[2025-08-18 19:50:18] [INFO] Ciclo completado. Esperando 30 segundos...
[2025-08-18 19:50:48] [INFO] Generando números de prueba...
[2025-08-18 19:50:48] [INFO] Números generados: ['25', '33', '25', '26', '18', '35', '31', '5']
[2025-08-18 19:50:48] [INFO] Guardados 8 números en JSON
[2025-08-18 19:50:48] [INFO] Números guardados en JSON correctamente
[2025-08-18 19:50:56] [INFO] Números sincronizados - Redis: True, PostgreSQL: True
[2025-08-18 19:50:56] [INFO] Números sincronizados con bases de datos
[2025-08-18 19:50:56] [INFO] Ciclo completado. Esperando 30 segundos...
[2025-08-18 19:51:26] [INFO] Generando números de prueba...
[2025-08-18 19:51:26] [INFO] Números generados: ['36', '17', '9', '36', '17', '10', '8', '12', '11', '5']
[2025-08-18 19:51:26] [INFO] Guardados 10 números en JSON
[2025-08-18 19:51:26] [INFO] Números guardados en JSON correctamente
[2025-08-18 19:51:31] [INFO] Números sincronizados - Redis: True, PostgreSQL: True
[2025-08-18 19:51:31] [INFO] Números sincronizados con bases de datos
[2025-08-18 19:51:31] [INFO] Ciclo completado. Esperando 30 segundos...
[2025-08-18 19:52:01] [INFO] Generando números de prueba...
[2025-08-18 19:52:01] [INFO] Números generados: ['10', '6', '29', '9', '20', '25', '31']
[2025-08-18 19:52:01] [INFO] Guardados 7 números en JSON
[2025-08-18 19:52:01] [INFO] Números guardados en JSON correctamente
[2025-08-18 19:52:20] [INFO] Números sincronizados - Redis: True, PostgreSQL: True
[2025-08-18 19:52:20] [INFO] Números sincronizados con bases de datos
[2025-08-18 19:52:20] [INFO] Ciclo completado. Esperando 30 segundos...
[2025-08-18 19:52:50] [INFO] Generando números de prueba...
[2025-08-18 19:52:50] [INFO] Números generados: ['26', '19', '8', '30', '6', '26', '16']
[2025-08-18 19:52:50] [INFO] Guardados 7 números en JSON
[2025-08-18 19:52:50] [INFO] Números guardados en JSON correctamente
[2025-08-18 19:52:54] [INFO] Números sincronizados - Redis: True, PostgreSQL: True
[2025-08-18 19:52:54] [INFO] Números sincronizados con bases de datos
[2025-08-18 19:52:54] [INFO] Ciclo completado. Esperando 30 segundos...
[2025-08-18 19:53:24] [INFO] Generando números de prueba...
[2025-08-18 19:53:24] [INFO] Números generados: ['20', '0', '9', '31', '19', '15', '33']
[2025-08-18 19:53:24] [INFO] Guardados 7 números en JSON
[2025-08-18 19:53:24] [INFO] Números guardados en JSON correctamente
[2025-08-18 19:53:29] [INFO] Números sincronizados - Redis: True, PostgreSQL: True
[2025-08-18 19:53:29] [INFO] Números sincronizados con bases de datos
[2025-08-18 19:53:29] [INFO] Ciclo completado. Esperando 30 segundos...
[2025-08-18 19:53:59] [INFO] Generando números de prueba...
[2025-08-18 19:53:59] [INFO] Números generados: ['5', '22', '12', '35', '11', '13', '9', '34', '6']
[2025-08-18 19:53:59] [INFO] Guardados 9 números en JSON
[2025-08-18 19:53:59] [INFO] Números guardados en JSON correctamente
[2025-08-18 19:54:05] [INFO] Números sincronizados - Redis: True, PostgreSQL: True
[2025-08-18 19:54:05] [INFO] Números sincronizados con bases de datos
[2025-08-18 19:54:05] [INFO] Ciclo completado. Esperando 30 segundos...
[2025-08-18 19:54:35] [INFO] Generando números de prueba...
[2025-08-18 19:54:35] [INFO] Números generados: ['11', '35', '29', '33', '7', '32', '29', '11', '30']
[2025-08-18 19:54:35] [INFO] Guardados 9 números en JSON
[2025-08-18 19:54:35] [INFO] Números guardados en JSON correctamente
[2025-08-18 19:54:39] [INFO] Números sincronizados - Redis: True, PostgreSQL: True
[2025-08-18 19:54:39] [INFO] Números sincronizados con bases de datos
[2025-08-18 19:54:39] [INFO] Ciclo completado. Esperando 30 segundos...
[2025-08-18 19:55:09] [INFO] Generando números de prueba...
[2025-08-18 19:55:09] [INFO] Números generados: ['11', '11', '18', '2', '35', '16', '26', '20', '31', '17']
[2025-08-18 19:55:09] [INFO] Guardados 10 números en JSON
[2025-08-18 19:55:09] [INFO] Números guardados en JSON correctamente
[2025-08-18 19:55:12] [INFO] Números sincronizados - Redis: True, PostgreSQL: True
[2025-08-18 19:55:12] [INFO] Números sincronizados con bases de datos
[2025-08-18 19:55:12] [INFO] Ciclo completado. Esperando 30 segundos...
[2025-08-18 19:55:42] [INFO] Generando números de prueba...
[2025-08-18 19:55:42] [INFO] Números generados: ['18', '29', '1', '33', '20']
[2025-08-18 19:55:42] [INFO] Guardados 5 números en JSON
[2025-08-18 19:55:42] [INFO] Números guardados en JSON correctamente
[2025-08-18 19:55:43] [INFO] Números sincronizados - Redis: True, PostgreSQL: True
[2025-08-18 19:55:43] [INFO] Números sincronizados con bases de datos
[2025-08-18 19:55:43] [INFO] Ciclo completado. Esperando 30 segundos...
[2025-08-18 19:56:13] [INFO] Generando números de prueba...
[2025-08-18 19:56:13] [INFO] Números generados: ['33', '12', '19', '17', '15', '3', '18', '34']
[2025-08-18 19:56:13] [INFO] Guardados 8 números en JSON
[2025-08-18 19:56:13] [INFO] Números guardados en JSON correctamente
[2025-08-18 19:56:15] [INFO] Números sincronizados - Redis: True, PostgreSQL: True
[2025-08-18 19:56:15] [INFO] Números sincronizados con bases de datos
[2025-08-18 19:56:15] [INFO] Ciclo completado. Esperando 30 segundos...
[2025-08-18 19:56:45] [INFO] Generando números de prueba...
[2025-08-18 19:56:45] [INFO] Números generados: ['15', '28', '31', '7', '32']
[2025-08-18 19:56:45] [INFO] Guardados 5 números en JSON
[2025-08-18 19:56:45] [INFO] Números guardados en JSON correctamente
[2025-08-18 19:56:47] [INFO] Números sincronizados - Redis: True, PostgreSQL: True
[2025-08-18 19:56:47] [INFO] Números sincronizados con bases de datos
[2025-08-18 19:56:47] [INFO] Ciclo completado. Esperando 30 segundos...
[2025-08-18 19:57:17] [INFO] Generando números de prueba...
[2025-08-18 19:57:17] [INFO] Números generados: ['1', '32', '4', '13', '1', '35']
[2025-08-18 19:57:17] [INFO] Guardados 6 números en JSON
[2025-08-18 19:57:17] [INFO] Números guardados en JSON correctamente
[2025-08-18 19:57:26] [INFO] Números sincronizados - Redis: True, PostgreSQL: True
[2025-08-18 19:57:26] [INFO] Números sincronizados con bases de datos
[2025-08-18 19:57:26] [INFO] Ciclo completado. Esperando 30 segundos...
[2025-08-18 19:57:56] [INFO] Generando números de prueba...
[2025-08-18 19:57:56] [INFO] Números generados: ['30', '2', '16', '20', '15', '25', '16', '36', '5']
[2025-08-18 19:57:56] [INFO] Guardados 9 números en JSON
[2025-08-18 19:57:56] [INFO] Números guardados en JSON correctamente
[2025-08-18 19:57:58] [INFO] Números sincronizados - Redis: True, PostgreSQL: True
[2025-08-18 19:57:58] [INFO] Números sincronizados con bases de datos
[2025-08-18 19:57:58] [INFO] Ciclo completado. Esperando 30 segundos...
[2025-08-18 19:58:28] [INFO] Generando números de prueba...
[2025-08-18 19:58:28] [INFO] Números generados: ['26', '29', '35', '0', '15', '20']
[2025-08-18 19:58:28] [INFO] Guardados 6 números en JSON
[2025-08-18 19:58:28] [INFO] Números guardados en JSON correctamente
[2025-08-18 19:58:33] [INFO] Números sincronizados - Redis: True, PostgreSQL: True
[2025-08-18 19:58:33] [INFO] Números sincronizados con bases de datos
[2025-08-18 19:58:33] [INFO] Ciclo completado. Esperando 30 segundos...
[2025-08-18 19:59:03] [INFO] Generando números de prueba...
[2025-08-18 19:59:03] [INFO] Números generados: ['34', '5', '31', '35', '17']
[2025-08-18 19:59:03] [INFO] Guardados 5 números en JSON
[2025-08-18 19:59:03] [INFO] Números guardados en JSON correctamente
[2025-08-18 19:59:07] [INFO] Números sincronizados - Redis: True, PostgreSQL: True
[2025-08-18 19:59:07] [INFO] Números sincronizados con bases de datos
[2025-08-18 19:59:07] [INFO] Ciclo completado. Esperando 30 segundos...
[2025-08-18 19:59:37] [INFO] Generando números de prueba...
[2025-08-18 19:59:37] [INFO] Números generados: ['31', '0', '9', '24', '12', '8']
[2025-08-18 19:59:37] [INFO] Guardados 6 números en JSON
[2025-08-18 19:59:37] [INFO] Números guardados en JSON correctamente
[2025-08-18 19:59:40] [INFO] Números sincronizados - Redis: True, PostgreSQL: True
[2025-08-18 19:59:40] [INFO] Números sincronizados con bases de datos
[2025-08-18 19:59:40] [INFO] Ciclo completado. Esperando 30 segundos...
[2025-08-18 20:00:10] [INFO] Generando números de prueba...
[2025-08-18 20:00:10] [INFO] Números generados: ['27', '4', '25', '1', '32', '16', '26', '24', '27', '26']
[2025-08-18 20:00:10] [INFO] Guardados 10 números en JSON
[2025-08-18 20:00:10] [INFO] Números guardados en JSON correctamente
[2025-08-18 20:00:13] [INFO] Números sincronizados - Redis: True, PostgreSQL: True
[2025-08-18 20:00:13] [INFO] Números sincronizados con bases de datos
[2025-08-18 20:00:13] [INFO] Ciclo completado. Esperando 30 segundos...
[2025-08-18 20:00:43] [INFO] Generando números de prueba...
[2025-08-18 20:00:43] [INFO] Números generados: ['14', '24', '31', '2', '4', '35']
[2025-08-18 20:00:43] [INFO] Guardados 6 números en JSON
[2025-08-18 20:00:43] [INFO] Números guardados en JSON correctamente
[2025-08-18 20:00:44] [INFO] Números sincronizados - Redis: True, PostgreSQL: True
[2025-08-18 20:00:44] [INFO] Números sincronizados con bases de datos
[2025-08-18 20:00:44] [INFO] Ciclo completado. Esperando 30 segundos...
[2025-08-18 20:01:14] [INFO] Generando números de prueba...
[2025-08-18 20:01:14] [INFO] Números generados: ['20', '20', '31', '30', '33', '3', '21', '5']
[2025-08-18 20:01:14] [INFO] Guardados 8 números en JSON
[2025-08-18 20:01:14] [INFO] Números guardados en JSON correctamente
[2025-08-18 20:01:16] [INFO] Números sincronizados - Redis: True, PostgreSQL: True
[2025-08-18 20:01:16] [INFO] Números sincronizados con bases de datos
[2025-08-18 20:01:16] [INFO] Ciclo completado. Esperando 30 segundos...
[2025-08-18 20:01:46] [INFO] Generando números de prueba...
[2025-08-18 20:01:46] [INFO] Números generados: ['23', '27', '22', '25', '16', '26', '0']
[2025-08-18 20:01:46] [INFO] Guardados 7 números en JSON
[2025-08-18 20:01:46] [INFO] Números guardados en JSON correctamente
[2025-08-18 20:02:01] [INFO] Números sincronizados - Redis: True, PostgreSQL: True
[2025-08-18 20:02:01] [INFO] Números sincronizados con bases de datos
[2025-08-18 20:02:01] [INFO] Ciclo completado. Esperando 30 segundos...
[2025-08-18 20:02:31] [INFO] Generando números de prueba...
[2025-08-18 20:02:31] [INFO] Números generados: ['16', '19', '4', '30', '36', '26', '2', '33']
[2025-08-18 20:02:31] [INFO] Guardados 8 números en JSON
[2025-08-18 20:02:31] [INFO] Números guardados en JSON correctamente
[2025-08-18 20:02:35] [INFO] Números sincronizados - Redis: True, PostgreSQL: True
[2025-08-18 20:02:35] [INFO] Números sincronizados con bases de datos
[2025-08-18 20:02:35] [INFO] Ciclo completado. Esperando 30 segundos...
[2025-08-18 20:03:05] [INFO] Generando números de prueba...
[2025-08-18 20:03:05] [INFO] Números generados: ['2', '5', '20', '32', '15', '20', '9', '23']
[2025-08-18 20:03:05] [INFO] Guardados 8 números en JSON
[2025-08-18 20:03:05] [INFO] Números guardados en JSON correctamente
[2025-08-18 20:03:07] [INFO] Números sincronizados - Redis: True, PostgreSQL: True
[2025-08-18 20:03:07] [INFO] Números sincronizados con bases de datos
[2025-08-18 20:03:07] [INFO] Ciclo completado. Esperando 30 segundos...
[2025-08-18 20:03:37] [INFO] Generando números de prueba...
[2025-08-18 20:03:37] [INFO] Números generados: ['32', '30', '19', '6', '35', '6']
[2025-08-18 20:03:37] [INFO] Guardados 6 números en JSON
[2025-08-18 20:03:37] [INFO] Números guardados en JSON correctamente
[2025-08-18 20:03:50] [INFO] Números sincronizados - Redis: True, PostgreSQL: True
[2025-08-18 20:03:50] [INFO] Números sincronizados con bases de datos
[2025-08-18 20:03:50] [INFO] Ciclo completado. Esperando 30 segundos...
[2025-08-18 20:04:20] [INFO] Generando números de prueba...
[2025-08-18 20:04:20] [INFO] Números generados: ['1', '4', '6', '9', '11', '29']
[2025-08-18 20:04:20] [INFO] Guardados 6 números en JSON
[2025-08-18 20:04:20] [INFO] Números guardados en JSON correctamente
[2025-08-18 20:04:25] [INFO] Números sincronizados - Redis: True, PostgreSQL: True
[2025-08-18 20:04:25] [INFO] Números sincronizados con bases de datos
[2025-08-18 20:04:25] [INFO] Ciclo completado. Esperando 30 segundos...
[2025-08-18 20:04:55] [INFO] Generando números de prueba...
[2025-08-18 20:04:55] [INFO] Números generados: ['12', '15', '34', '24', '33', '10', '26']
[2025-08-18 20:04:55] [INFO] Guardados 7 números en JSON
[2025-08-18 20:04:55] [INFO] Números guardados en JSON correctamente
[2025-08-18 20:04:57] [INFO] Números sincronizados - Redis: True, PostgreSQL: True
[2025-08-18 20:04:57] [INFO] Números sincronizados con bases de datos
[2025-08-18 20:04:57] [INFO] Ciclo completado. Esperando 30 segundos...
[2025-08-18 20:05:24] [INFO] === INICIANDO SCRAPER SIMPLIFICADO ===
[2025-08-18 20:05:24] [WARNING] ⚠️ psutil no disponible, no se puede verificar duplicados
[2025-08-18 20:05:24] [INFO] MODO: Generación de números de prueba
[2025-08-18 20:05:24] [INFO] Generando números de prueba...
[2025-08-18 20:05:24] [INFO] Números generados: ['10', '21', '4', '1', '26', '2', '17', '19']
[2025-08-18 20:05:24] [INFO] Guardados 8 números en JSON
[2025-08-18 20:05:25] [INFO] Números guardados en JSON correctamente
[2025-08-18 20:05:27] [INFO] Números sincronizados - Redis: True, PostgreSQL: True
[2025-08-18 20:05:27] [INFO] Números sincronizados con bases de datos
[2025-08-18 20:05:27] [INFO] Ciclo completado. Esperando 30 segundos...
[2025-08-18 20:05:57] [INFO] Generando números de prueba...
[2025-08-18 20:05:57] [INFO] Números generados: ['19', '28', '36', '14', '5', '36']
[2025-08-18 20:05:57] [INFO] Guardados 6 números en JSON
[2025-08-18 20:05:57] [INFO] Números guardados en JSON correctamente
[2025-08-18 20:06:12] [INFO] Números sincronizados - Redis: True, PostgreSQL: True
[2025-08-18 20:06:12] [INFO] Números sincronizados con bases de datos
[2025-08-18 20:06:12] [INFO] Ciclo completado. Esperando 30 segundos...
[2025-08-18 20:06:42] [INFO] Generando números de prueba...
[2025-08-18 20:06:42] [INFO] Números generados: ['5', '31', '33', '25', '5', '4']
[2025-08-18 20:06:42] [INFO] Guardados 6 números en JSON
[2025-08-18 20:06:42] [INFO] Números guardados en JSON correctamente
[2025-08-18 20:07:02] [INFO] Números sincronizados - Redis: True, PostgreSQL: True
[2025-08-18 20:07:02] [INFO] Números sincronizados con bases de datos
[2025-08-18 20:07:02] [INFO] Ciclo completado. Esperando 30 segundos...
[2025-08-18 20:07:32] [INFO] Generando números de prueba...
[2025-08-18 20:07:32] [INFO] Números generados: ['8', '3', '28', '25', '20', '0', '24', '24']
[2025-08-18 20:07:32] [INFO] Guardados 8 números en JSON
[2025-08-18 20:07:32] [INFO] Números guardados en JSON correctamente
[2025-08-18 20:07:34] [INFO] Números sincronizados - Redis: True, PostgreSQL: True
[2025-08-18 20:07:34] [INFO] Números sincronizados con bases de datos
[2025-08-18 20:07:34] [INFO] Ciclo completado. Esperando 30 segundos...
[2025-08-18 20:08:04] [INFO] Generando números de prueba...
[2025-08-18 20:08:04] [INFO] Números generados: ['11', '26', '15', '5', '17', '10', '9', '2', '22']
[2025-08-18 20:08:04] [INFO] Guardados 9 números en JSON
[2025-08-18 20:08:04] [INFO] Números guardados en JSON correctamente
[2025-08-18 20:08:05] [INFO] Números sincronizados - Redis: True, PostgreSQL: True
[2025-08-18 20:08:05] [INFO] Números sincronizados con bases de datos
[2025-08-18 20:08:05] [INFO] Ciclo completado. Esperando 30 segundos...
[2025-08-18 22:36:50] [INFO] === INICIANDO SCRAPER SIMPLIFICADO ===
[2025-08-18 22:37:07] [WARNING] ⚠️ psutil no disponible, no se puede verificar duplicados
[2025-08-18 22:37:07] [INFO] MODO: Generación de números de prueba
[2025-08-18 22:37:07] [INFO] Generando números de prueba...
[2025-08-18 22:37:07] [INFO] Números generados: ['19', '9', '30', '5', '28']
[2025-08-18 22:37:07] [INFO] Guardados 5 números en JSON
[2025-08-18 22:37:07] [INFO] Números guardados en JSON correctamente
[2025-08-18 22:37:09] [INFO] Números sincronizados - Redis: True, PostgreSQL: True
[2025-08-18 22:37:09] [INFO] Números sincronizados con bases de datos
[2025-08-18 22:37:09] [INFO] Ciclo completado. Esperando 30 segundos...
[2025-08-18 22:37:39] [INFO] Generando números de prueba...
[2025-08-18 22:37:39] [INFO] Números generados: ['5', '16', '12', '10', '2', '29', '5']
[2025-08-18 22:37:39] [INFO] Guardados 7 números en JSON
[2025-08-18 22:37:39] [INFO] Números guardados en JSON correctamente
[2025-08-18 22:37:53] [INFO] Números sincronizados - Redis: True, PostgreSQL: True
[2025-08-18 22:37:53] [INFO] Números sincronizados con bases de datos
[2025-08-18 22:37:53] [INFO] Ciclo completado. Esperando 30 segundos...
[2025-08-18 22:38:23] [INFO] Generando números de prueba...
[2025-08-18 22:38:23] [INFO] Números generados: ['14', '17', '35', '0', '6', '15', '1', '2']
[2025-08-18 22:38:23] [INFO] Guardados 8 números en JSON
[2025-08-18 22:38:23] [INFO] Números guardados en JSON correctamente
[2025-08-18 22:38:45] [INFO] Números sincronizados - Redis: True, PostgreSQL: True
[2025-08-18 22:38:45] [INFO] Números sincronizados con bases de datos
[2025-08-18 22:38:45] [INFO] Ciclo completado. Esperando 30 segundos...
[2025-08-18 22:39:15] [INFO] Generando números de prueba...
[2025-08-18 22:39:15] [INFO] Números generados: ['6', '35', '17', '3', '36', '2', '19', '14']
[2025-08-18 22:39:15] [INFO] Guardados 8 números en JSON
[2025-08-18 22:39:15] [INFO] Números guardados en JSON correctamente
[2025-08-18 22:39:17] [INFO] Números sincronizados - Redis: True, PostgreSQL: True
[2025-08-18 22:39:17] [INFO] Números sincronizados con bases de datos
[2025-08-18 22:39:17] [INFO] Ciclo completado. Esperando 30 segundos...
[2025-08-18 22:39:47] [INFO] Generando números de prueba...
[2025-08-18 22:39:47] [INFO] Números generados: ['11', '31', '13', '31', '3', '11', '13', '28', '6', '34']
[2025-08-18 22:39:47] [INFO] Guardados 10 números en JSON
[2025-08-18 22:39:47] [INFO] Números guardados en JSON correctamente
[2025-08-18 22:39:49] [INFO] Números sincronizados - Redis: True, PostgreSQL: True
[2025-08-18 22:39:49] [INFO] Números sincronizados con bases de datos
[2025-08-18 22:39:49] [INFO] Ciclo completado. Esperando 30 segundos...
[2025-08-18 22:40:19] [INFO] Generando números de prueba...
[2025-08-18 22:40:19] [INFO] Números generados: ['7', '32', '17', '15', '34', '36', '24', '25', '13']
[2025-08-18 22:40:19] [INFO] Guardados 9 números en JSON
[2025-08-18 22:40:19] [INFO] Números guardados en JSON correctamente
[2025-08-18 22:40:23] [INFO] Números sincronizados - Redis: True, PostgreSQL: True
[2025-08-18 22:40:23] [INFO] Números sincronizados con bases de datos
[2025-08-18 22:40:23] [INFO] Ciclo completado. Esperando 30 segundos...
[2025-08-18 22:40:53] [INFO] Generando números de prueba...
[2025-08-18 22:40:53] [INFO] Números generados: ['32', '16', '22', '11', '29', '20']
[2025-08-18 22:40:53] [INFO] Guardados 6 números en JSON
[2025-08-18 22:40:53] [INFO] Números guardados en JSON correctamente
[2025-08-18 22:40:57] [INFO] Números sincronizados - Redis: True, PostgreSQL: True
[2025-08-18 22:40:57] [INFO] Números sincronizados con bases de datos
[2025-08-18 22:40:57] [INFO] Ciclo completado. Esperando 30 segundos...
[2025-08-18 22:41:27] [INFO] Generando números de prueba...
[2025-08-18 22:41:27] [INFO] Números generados: ['21', '22', '1', '7', '23', '24']
[2025-08-18 22:41:27] [INFO] Guardados 6 números en JSON
[2025-08-18 22:41:27] [INFO] Números guardados en JSON correctamente
[2025-08-18 22:41:28] [INFO] Números sincronizados - Redis: True, PostgreSQL: True
[2025-08-18 22:41:28] [INFO] Números sincronizados con bases de datos
[2025-08-18 22:41:28] [INFO] Ciclo completado. Esperando 30 segundos...
[2025-08-18 22:41:58] [INFO] Generando números de prueba...
[2025-08-18 22:41:58] [INFO] Números generados: ['31', '12', '14', '28', '16', '16', '1', '10']
[2025-08-18 22:41:58] [INFO] Guardados 8 números en JSON
[2025-08-18 22:41:58] [INFO] Números guardados en JSON correctamente
[2025-08-18 22:42:03] [INFO] Números sincronizados - Redis: True, PostgreSQL: True
[2025-08-18 22:42:03] [INFO] Números sincronizados con bases de datos
[2025-08-18 22:42:03] [INFO] Ciclo completado. Esperando 30 segundos...
[2025-08-18 22:42:33] [INFO] Generando números de prueba...
[2025-08-18 22:42:33] [INFO] Números generados: ['1', '3', '31', '18', '35', '25']
[2025-08-18 22:42:33] [INFO] Guardados 6 números en JSON
[2025-08-18 22:42:33] [INFO] Números guardados en JSON correctamente
[2025-08-18 22:42:34] [INFO] Números sincronizados - Redis: True, PostgreSQL: True
[2025-08-18 22:42:34] [INFO] Números sincronizados con bases de datos
[2025-08-18 22:42:34] [INFO] Ciclo completado. Esperando 30 segundos...
[2025-08-18 22:43:04] [INFO] Generando números de prueba...
[2025-08-18 22:43:04] [INFO] Números generados: ['22', '15', '29', '23', '12', '12', '26', '3', '30', '19']
[2025-08-18 22:43:04] [INFO] Guardados 10 números en JSON
[2025-08-18 22:43:04] [INFO] Números guardados en JSON correctamente
[2025-08-18 22:43:06] [INFO] Números sincronizados - Redis: True, PostgreSQL: True
[2025-08-18 22:43:06] [INFO] Números sincronizados con bases de datos
[2025-08-18 22:43:06] [INFO] Ciclo completado. Esperando 30 segundos...
[2025-08-18 22:43:36] [INFO] Generando números de prueba...
[2025-08-18 22:43:36] [INFO] Números generados: ['10', '19', '21', '7', '21', '21']
[2025-08-18 22:43:36] [INFO] Guardados 6 números en JSON
[2025-08-18 22:43:36] [INFO] Números guardados en JSON correctamente
[2025-08-18 22:43:39] [INFO] Números sincronizados - Redis: True, PostgreSQL: True
[2025-08-18 22:43:39] [INFO] Números sincronizados con bases de datos
[2025-08-18 22:43:39] [INFO] Ciclo completado. Esperando 30 segundos...
[2025-08-18 22:44:09] [INFO] Generando números de prueba...
[2025-08-18 22:44:09] [INFO] Números generados: ['32', '25', '19', '12', '3', '13', '9', '36', '19', '20']
[2025-08-18 22:44:09] [INFO] Guardados 10 números en JSON
[2025-08-18 22:44:09] [INFO] Números guardados en JSON correctamente
[2025-08-18 22:44:20] [INFO] Números sincronizados - Redis: True, PostgreSQL: True
[2025-08-18 22:44:20] [INFO] Números sincronizados con bases de datos
[2025-08-18 22:44:20] [INFO] Ciclo completado. Esperando 30 segundos...
[2025-08-18 22:44:50] [INFO] Generando números de prueba...
[2025-08-18 22:44:50] [INFO] Números generados: ['32', '29', '20', '6', '3', '32', '18', '12', '18', '10']
[2025-08-18 22:44:50] [INFO] Guardados 10 números en JSON
[2025-08-18 22:44:50] [INFO] Números guardados en JSON correctamente
[2025-08-18 22:45:06] [INFO] Números sincronizados - Redis: True, PostgreSQL: True
[2025-08-18 22:45:06] [INFO] Números sincronizados con bases de datos
[2025-08-18 22:45:06] [INFO] Ciclo completado. Esperando 30 segundos...
[2025-08-18 22:45:36] [INFO] Generando números de prueba...
[2025-08-18 22:45:36] [INFO] Números generados: ['35', '18', '10', '7', '1', '34', '21', '7']
[2025-08-18 22:45:36] [INFO] Guardados 8 números en JSON
[2025-08-18 22:45:36] [INFO] Números guardados en JSON correctamente
[2025-08-18 22:45:41] [INFO] Números sincronizados - Redis: True, PostgreSQL: True
[2025-08-18 22:45:41] [INFO] Números sincronizados con bases de datos
[2025-08-18 22:45:41] [INFO] Ciclo completado. Esperando 30 segundos...
[2025-08-18 22:46:11] [INFO] Generando números de prueba...
[2025-08-18 22:46:11] [INFO] Números generados: ['4', '11', '28', '22', '13', '32', '9', '32', '8']
[2025-08-18 22:46:11] [INFO] Guardados 9 números en JSON
[2025-08-18 22:46:11] [INFO] Números guardados en JSON correctamente
[2025-08-18 22:46:17] [INFO] Números sincronizados - Redis: True, PostgreSQL: True
[2025-08-18 22:46:17] [INFO] Números sincronizados con bases de datos
[2025-08-18 22:46:17] [INFO] Ciclo completado. Esperando 30 segundos...
[2025-08-18 22:46:47] [INFO] Generando números de prueba...
[2025-08-18 22:46:47] [INFO] Números generados: ['1', '13', '33', '17', '32', '11', '27', '25', '10']
[2025-08-18 22:46:47] [INFO] Guardados 9 números en JSON
[2025-08-18 22:46:47] [INFO] Números guardados en JSON correctamente
[2025-08-18 22:46:58] [INFO] Números sincronizados - Redis: True, PostgreSQL: True
[2025-08-18 22:46:58] [INFO] Números sincronizados con bases de datos
[2025-08-18 22:46:58] [INFO] Ciclo completado. Esperando 30 segundos...
[2025-08-18 22:47:28] [INFO] Generando números de prueba...
[2025-08-18 22:47:28] [INFO] Números generados: ['16', '12', '28', '15', '9', '34', '27']
[2025-08-18 22:47:28] [INFO] Guardados 7 números en JSON
[2025-08-18 22:47:28] [INFO] Números guardados en JSON correctamente
[2025-08-18 22:47:33] [INFO] Números sincronizados - Redis: True, PostgreSQL: True
[2025-08-18 22:47:33] [INFO] Números sincronizados con bases de datos
[2025-08-18 22:47:33] [INFO] Ciclo completado. Esperando 30 segundos...
[2025-08-18 22:48:03] [INFO] Generando números de prueba...
[2025-08-18 22:48:03] [INFO] Números generados: ['15', '29', '15', '29', '16']
[2025-08-18 22:48:03] [INFO] Guardados 5 números en JSON
[2025-08-18 22:48:03] [INFO] Números guardados en JSON correctamente
[2025-08-18 22:48:12] [INFO] Números sincronizados - Redis: True, PostgreSQL: True
[2025-08-18 22:48:12] [INFO] Números sincronizados con bases de datos
[2025-08-18 22:48:12] [INFO] Ciclo completado. Esperando 30 segundos...
[2025-08-18 23:19:40] [INFO] === INICIANDO SCRAPER SIMPLIFICADO ===
[2025-08-18 23:19:40] [WARNING] ⚠️ psutil no disponible, no se puede verificar duplicados
[2025-08-18 23:19:40] [INFO] MODO: Generación de números de prueba
[2025-08-18 23:19:40] [INFO] Generando números de prueba...
[2025-08-18 23:19:40] [INFO] Números generados: ['31', '35', '5', '14', '9', '11', '27']
[2025-08-18 23:19:40] [INFO] Guardados 7 números en JSON
[2025-08-18 23:19:40] [INFO] Números guardados en JSON correctamente
[2025-08-18 23:19:42] [INFO] Números sincronizados - Redis: True, PostgreSQL: True
[2025-08-18 23:19:42] [INFO] Números sincronizados con bases de datos
[2025-08-18 23:19:42] [INFO] Ciclo completado. Esperando 30 segundos...
